<?xml version="1.0" encoding="UTF-8"?>
<!-- Generated by org.testng.reporters.JUnitReportReporter -->
<testsuite hostname="W-PF3NZE1V" failures="0" tests="1" name="seleniumjavaframework.testcases.AdminTest" time="21.869" errors="0" timestamp="2023-07-04T18:04:48 IST" skipped="0">
  <testcase classname="seleniumjavaframework.testcases.AdminTest" name="Admin_Test" time="21.869"/>
  <system-out/>
</testsuite> <!-- seleniumjavaframework.testcases.AdminTest -->
