<?xml version="1.0" encoding="UTF-8"?>
<!-- Generated by org.testng.reporters.JUnitReportReporter -->
<testsuite hostname="W-PF3NZE1V" failures="0" tests="3" name="seleniumjavaframework.testcases.LoginTest" time="10.622" errors="0" timestamp="2023-07-04T18:04:48 IST" skipped="0">
  <testcase classname="seleniumjavaframework.testcases.LoginTest" name="Verify_Url_Test" time="0.035"/>
  <system-out/>
  <testcase classname="seleniumjavaframework.testcases.LoginTest" name="Verify_Title_Test" time="0.032"/>
  <system-out/>
  <testcase classname="seleniumjavaframework.testcases.LoginTest" name="Login_Logout_Test" time="10.555"/>
  <system-out/>
</testsuite> <!-- seleniumjavaframework.testcases.LoginTest -->
