<?xml version="1.0" encoding="UTF-8"?>
<!-- Generated by org.testng.reporters.JUnitReportReporter -->
<testsuite hostname="W-PF3NZE1V" failures="0" tests="1" name="seleniumjavaframework.testcases.DeleteUserTest" time="23.834" errors="0" timestamp="2023-07-04T18:04:48 IST" skipped="0">
  <testcase classname="seleniumjavaframework.testcases.DeleteUserTest" name="DeleteUser_Test" time="23.834"/>
  <system-out/>
</testsuite> <!-- seleniumjavaframework.testcases.DeleteUserTest -->
